nohup: ignoring input
[INFO] Scanning for projects...
[INFO] 
[INFO] ------------------< com.example:usermanagementsystem >------------------
[INFO] Building  0.0.1-SNAPSHOT
[INFO]   from pom.xml
[INFO] --------------------------------[ jar ]---------------------------------
[INFO] 
[INFO] >>> spring-boot:4.0.6:run (default-cli) > test-compile @ usermanagementsystem >>>
[INFO] 
[INFO] --- resources:3.3.1:resources (default-resources) @ usermanagementsystem ---
[INFO] Copying 1 resource from src/main/resources to target/classes
[INFO] Copying 0 resource from src/main/resources to target/classes
[INFO] 
[INFO] --- compiler:3.14.1:compile (default-compile) @ usermanagementsystem ---
[INFO] Nothing to compile - all classes are up to date.
[INFO] 
[INFO] --- resources:3.3.1:testResources (default-testResources) @ usermanagementsystem ---
[INFO] skip non existing resourceDirectory /home/dorustree/Downloads/usermanagementsystem/src/test/resources
[INFO] 
[INFO] --- compiler:3.14.1:testCompile (default-testCompile) @ usermanagementsystem ---
[INFO] Nothing to compile - all classes are up to date.
[INFO] 
[INFO] <<< spring-boot:4.0.6:run (default-cli) < test-compile @ usermanagementsystem <<<
[INFO] 
[INFO] 
[INFO] --- spring-boot:4.0.6:run (default-cli) @ usermanagementsystem ---
[INFO] Attaching agents: []

  .   ____          _            __ _ _
 /\\ / ___'_ __ _ _(_)_ __  __ _ \ \ \ \
( ( )\___ | '_ | '_| | '_ \/ _` | \ \ \ \
 \\/  ___)| |_)| | | | | || (_| |  ) ) ) )
  '  |____| .__|_| |_|_| |_\__, | / / / /
 =========|_|==============|___/=/_/_/_/

 :: Spring Boot ::                (v4.0.6)

2026-04-30T22:15:34.441+05:30  INFO 25979 --- [usermanagementsystemse] [           main] c.e.u.UsermanagementsystemApplication    : Starting UsermanagementsystemApplication using Java 17.0.18 with PID 25979 (/home/dorustree/Downloads/usermanagementsystem/target/classes started by dorustree in /home/dorustree/Downloads/usermanagementsystem)
2026-04-30T22:15:34.445+05:30  INFO 25979 --- [usermanagementsystemse] [           main] c.e.u.UsermanagementsystemApplication    : No active profile set, falling back to 1 default profile: "default"
2026-04-30T22:15:35.244+05:30  INFO 25979 --- [usermanagementsystemse] [           main] .s.d.r.c.RepositoryConfigurationDelegate : Bootstrapping Spring Data JPA repositories in DEFAULT mode.
2026-04-30T22:15:35.298+05:30  INFO 25979 --- [usermanagementsystemse] [           main] .s.d.r.c.RepositoryConfigurationDelegate : Finished Spring Data repository scanning in 44 ms. Found 1 JPA repository interface.
2026-04-30T22:15:35.891+05:30  INFO 25979 --- [usermanagementsystemse] [           main] o.s.boot.tomcat.TomcatWebServer          : Tomcat initialized with port 8080 (http)
2026-04-30T22:15:35.905+05:30  INFO 25979 --- [usermanagementsystemse] [           main] o.apache.catalina.core.StandardService   : Starting service [Tomcat]
2026-04-30T22:15:35.905+05:30  INFO 25979 --- [usermanagementsystemse] [           main] o.apache.catalina.core.StandardEngine    : Starting Servlet engine: [Apache Tomcat/11.0.21]
2026-04-30T22:15:35.955+05:30  INFO 25979 --- [usermanagementsystemse] [           main] b.w.c.s.WebApplicationContextInitializer : Root WebApplicationContext: initialization completed in 1442 ms
2026-04-30T22:15:36.090+05:30  INFO 25979 --- [usermanagementsystemse] [           main] org.hibernate.orm.jpa                    : HHH008540: Processing PersistenceUnitInfo [name: default]
2026-04-30T22:15:36.137+05:30  INFO 25979 --- [usermanagementsystemse] [           main] org.hibernate.orm.core                   : HHH000001: Hibernate ORM core version 7.2.12.Final
2026-04-30T22:15:36.573+05:30  INFO 25979 --- [usermanagementsystemse] [           main] o.s.o.j.p.SpringPersistenceUnitInfo      : No LoadTimeWeaver setup: ignoring JPA class transformer
2026-04-30T22:15:36.603+05:30  INFO 25979 --- [usermanagementsystemse] [           main] com.zaxxer.hikari.HikariDataSource       : HikariPool-1 - Starting...
2026-04-30T22:15:36.886+05:30  INFO 25979 --- [usermanagementsystemse] [           main] com.zaxxer.hikari.pool.HikariPool        : HikariPool-1 - Added connection org.postgresql.jdbc.PgConnection@38826984
2026-04-30T22:15:36.887+05:30  INFO 25979 --- [usermanagementsystemse] [           main] com.zaxxer.hikari.HikariDataSource       : HikariPool-1 - Start completed.
2026-04-30T22:15:36.918+05:30  WARN 25979 --- [usermanagementsystemse] [           main] org.hibernate.orm.deprecation            : HHH90000025: PostgreSQLDialect does not need to be specified explicitly using 'hibernate.dialect' (remove the property setting and it will be selected by default)
2026-04-30T22:15:36.939+05:30  INFO 25979 --- [usermanagementsystemse] [           main] org.hibernate.orm.connections.pooling    : HHH10001005: Database info:
	Database JDBC URL [jdbc:postgresql://localhost:5432/user_manage]
	Database driver: PostgreSQL JDBC Driver
	Database dialect: PostgreSQLDialect
	Database version: 14.22
	Default catalog/schema: user_manage/public
	Autocommit mode: undefined/unknown
	Isolation level: READ_COMMITTED [default READ_COMMITTED]
	JDBC fetch size: none
	Pool: DataSourceConnectionProvider
	Minimum pool size: undefined/unknown
	Maximum pool size: undefined/unknown
2026-04-30T22:15:38.011+05:30  INFO 25979 --- [usermanagementsystemse] [           main] org.hibernate.orm.core                   : HHH000489: No JTA platform available (set 'hibernate.transaction.jta.platform' to enable JTA platform integration)
2026-04-30T22:15:38.381+05:30  INFO 25979 --- [usermanagementsystemse] [           main] j.LocalContainerEntityManagerFactoryBean : Initialized JPA EntityManagerFactory for persistence unit 'default'
2026-04-30T22:15:38.443+05:30  INFO 25979 --- [usermanagementsystemse] [           main] o.s.d.j.r.query.QueryEnhancerFactories   : Hibernate is in classpath; If applicable, HQL parser will be used.
2026-04-30T22:15:38.697+05:30  INFO 25979 --- [usermanagementsystemse] [           main] eAuthenticationProviderManagerConfigurer : Global AuthenticationManager configured with AuthenticationProvider bean with name authenticationProvider
2026-04-30T22:15:38.697+05:30  WARN 25979 --- [usermanagementsystemse] [           main] r$InitializeUserDetailsManagerConfigurer : Global AuthenticationManager configured with an AuthenticationProvider bean. UserDetailsService beans will not be used by Spring Security for automatically configuring username/password login. Consider removing the AuthenticationProvider bean. Alternatively, consider using the UserDetailsService in a manually instantiated DaoAuthenticationProvider. If the current configuration is intentional, to turn off this warning, increase the logging level of 'org.springframework.security.config.annotation.authentication.configuration.InitializeUserDetailsBeanManagerConfigurer' to ERROR
2026-04-30T22:15:38.743+05:30  WARN 25979 --- [usermanagementsystemse] [           main] JpaBaseConfiguration$JpaWebConfiguration : spring.jpa.open-in-view is enabled by default. Therefore, database queries may be performed during view rendering. Explicitly configure spring.jpa.open-in-view to disable this warning
2026-04-30T22:15:39.374+05:30  INFO 25979 --- [usermanagementsystemse] [           main] o.s.boot.tomcat.TomcatWebServer          : Tomcat started on port 8080 (http) with context path '/'
2026-04-30T22:15:39.386+05:30  INFO 25979 --- [usermanagementsystemse] [           main] c.e.u.UsermanagementsystemApplication    : Started UsermanagementsystemApplication in 5.434 seconds (process running for 5.835)
2026-04-30T22:15:49.238+05:30  INFO 25979 --- [usermanagementsystemse] [nio-8080-exec-1] o.a.c.c.C.[Tomcat].[localhost].[/]       : Initializing Spring DispatcherServlet 'dispatcherServlet'
2026-04-30T22:15:49.238+05:30  INFO 25979 --- [usermanagementsystemse] [nio-8080-exec-1] o.s.web.servlet.DispatcherServlet        : Initializing Servlet 'dispatcherServlet'
2026-04-30T22:15:49.240+05:30  INFO 25979 --- [usermanagementsystemse] [nio-8080-exec-1] o.s.web.servlet.DispatcherServlet        : Completed initialization in 2 ms
2026-04-30T22:15:49.371+05:30  INFO 25979 --- [usermanagementsystemse] [nio-8080-exec-1] c.e.u.controller.AuthorizeController     : Login request received for email=rahul@gmail.com
2026-04-30T22:15:49.967+05:30  WARN 25979 --- [usermanagementsystemse] [nio-8080-exec-1] c.e.u.controller.AuthorizeController     : Authentication failed for email=rahul@gmail.com: Bad credentials
2026-04-30T22:17:15.002+05:30  INFO 25979 --- [usermanagementsystemse] [nio-8080-exec-2] c.e.u.controller.UserController          : Successfully Entered into the Create User API
2026-04-30T22:17:15.128+05:30  INFO 25979 --- [usermanagementsystemse] [nio-8080-exec-2] c.e.u.service.UserService                : User Created Successfully
2026-04-30T22:17:15.252+05:30  INFO 25979 --- [usermanagementsystemse] [nio-8080-exec-5] c.e.u.controller.AuthorizeController     : Login request received for email=rahul@gmail.com
2026-04-30T22:17:15.442+05:30  INFO 25979 --- [usermanagementsystemse] [nio-8080-exec-5] c.e.u.controller.AuthorizeController     : Authentication successful for email=rahul@gmail.com
2026-04-30T22:19:51.520+05:30  INFO 25979 --- [usermanagementsystemse] [nio-8080-exec-6] c.e.u.controller.AuthorizeController     : Login request received for email=rahul@gmail.com
2026-04-30T22:19:51.641+05:30  INFO 25979 --- [usermanagementsystemse] [nio-8080-exec-6] c.e.u.controller.AuthorizeController     : Authentication successful for email=rahul@gmail.com
2026-04-30T22:22:26.961+05:30  INFO 25979 --- [usermanagementsystemse] [nio-8080-exec-9] c.e.u.controller.AuthorizeController     : Login request received for email=rahul@gmail.com
2026-04-30T22:22:27.073+05:30  INFO 25979 --- [usermanagementsystemse] [nio-8080-exec-9] c.e.u.controller.AuthorizeController     : Authentication successful for email=rahul@gmail.com
2026-04-30T22:22:28.467+05:30  INFO 25979 --- [usermanagementsystemse] [io-8080-exec-10] c.e.u.controller.AuthorizeController     : Login request received for email=rahul@gmail.com
2026-04-30T22:22:28.578+05:30  INFO 25979 --- [usermanagementsystemse] [io-8080-exec-10] c.e.u.controller.AuthorizeController     : Authentication successful for email=rahul@gmail.com
2026-04-30T22:22:30.058+05:30  INFO 25979 --- [usermanagementsystemse] [nio-8080-exec-1] c.e.u.controller.AuthorizeController     : Login request received for email=rahul@gmail.com
2026-04-30T22:22:30.190+05:30  INFO 25979 --- [usermanagementsystemse] [nio-8080-exec-1] c.e.u.controller.AuthorizeController     : Authentication successful for email=rahul@gmail.com
2026-04-30T22:22:57.730+05:30  INFO 25979 --- [usermanagementsystemse] [ionShutdownHook] o.s.boot.tomcat.GracefulShutdown         : Commencing graceful shutdown. Waiting for active requests to complete
2026-04-30T22:22:57.732+05:30  INFO 25979 --- [usermanagementsystemse] [tomcat-shutdown] o.s.boot.tomcat.GracefulShutdown         : Graceful shutdown complete
2026-04-30T22:22:57.738+05:30  INFO 25979 --- [usermanagementsystemse] [ionShutdownHook] j.LocalContainerEntityManagerFactoryBean : Closing JPA EntityManagerFactory for persistence unit 'default'
2026-04-30T22:22:57.740+05:30  INFO 25979 --- [usermanagementsystemse] [ionShutdownHook] com.zaxxer.hikari.HikariDataSource       : HikariPool-1 - Shutdown initiated...
2026-04-30T22:22:57.746+05:30  INFO 25979 --- [usermanagementsystemse] [ionShutdownHook] com.zaxxer.hikari.HikariDataSource       : HikariPool-1 - Shutdown completed.
